=== System Info ===
Architecture:                            aarch64
CPU op-mode(s):                          64-bit
Byte Order:                              Little Endian
CPU(s):                                  8
On-line CPU(s) list:                     0-7
Vendor ID:                               Apple
Model name:                              Blizzard-M2
Model:                                   0
Thread(s) per core:                      1
Core(s) per socket:                      4
Socket(s):                               1
Stepping:                                0x1
Frequency boost:                         disabled
CPU(s) scaling MHz:                      100%
CPU max MHz:                             2424.0000
CPU min MHz:                             600.0000
BogoMIPS:                                48.00
Linux asahi-box 6.18.10-402.asahi.fc42.aarch64+16k #1 SMP PREEMPT_DYNAMIC Sat Feb 14 20:56:50 UTC 2026 aarch64 GNU/Linux
===================
=== Parameters ===
ε = 0.46
ROUNDING MODE: DOWN
===================
compiling: AtomXYZ/xyz_tmp/xyz_chignolin.f90
compiling: AtomXYZ/xyz_tmp/xyz_csgc.f90
compiling: AtomXYZ/xyz_tmp/xyz_gpx.f90
compiling: AtomXYZ/xyz_tmp/xyz_kdelr1.f90
compiling: AtomXYZ/xyz_tmp/xyz_phgdh.f90
compiling: AtomXYZ/xyz_tmp/xyz_plastocyanin.f90
compiling: AtomXYZ/xyz_tmp/xyz_strip1_iso2.f90
==================================
Compilation complete (Debug)
Compiled xyz molecules: _build/debug/xyz_modules.txt
Executable: _build/debug/exe/SaxsEst_DEBUG
==================================
 
 ====================
 Analyzing:    chignolin
 Number of atoms (n):         135
 
 Input advice parameter ñ (must be >= n): 
 Input epsilon parameter Ɛ (0 < Ɛ < 1): 
 Rounding mode:
   DOWN: round down
   UP:   round up
 Enter choice:  
 Running debyeEst...
 timing:   0.741999984     s
 
 Running propEst...
 timing:    1.79999992E-02 s
 
 
raw analysis saved at: Analysis/2026-02-24_DEBUG/analysis_chignolin.csv 
 Finished analysis of chignolin
STOP 0
 ====================
 
 ====================
 Analyzing:    csgc
 Number of atoms (n):         772
 
 Input advice parameter ñ (must be >= n): 
 Input epsilon parameter Ɛ (0 < Ɛ < 1): 
 Rounding mode:
   DOWN: round down
   UP:   round up
 Enter choice:  
 Running debyeEst...
 timing:    23.0610008     s
 
 Running propEst...
 timing:   0.446000010     s
 
 
raw analysis saved at: Analysis/2026-02-24_DEBUG/analysis_csgc.csv 
 Finished analysis of csgc
STOP 0
 ====================
 
 ====================
 Analyzing:    gpx
 Number of atoms (n):        3111
 
 Input advice parameter ñ (must be >= n): 
 Input epsilon parameter Ɛ (0 < Ɛ < 1): 
 Rounding mode:
   DOWN: round down
   UP:   round up
 Enter choice:  
 Running debyeEst...
 timing:    371.699005     s
 
 Running propEst...
 timing:    6.98999977     s
 
 
raw analysis saved at: Analysis/2026-02-24_DEBUG/analysis_gpx.csv 
 Finished analysis of gpx
STOP 0
 ====================
 
 ====================
 Analyzing:    kdelr1
 Number of atoms (n):        1243
 
 Input advice parameter ñ (must be >= n): 
 Input epsilon parameter Ɛ (0 < Ɛ < 1): 
 Rounding mode:
   DOWN: round down
   UP:   round up
 Enter choice:  
 Running debyeEst...
 timing:    56.8139992     s
 
 Running propEst...
 timing:    1.11500001     s
 
 
raw analysis saved at: Analysis/2026-02-24_DEBUG/analysis_kdelr1.csv 
 Finished analysis of kdelr1
STOP 0
 ====================
 
 ====================
 Analyzing:    phgdh
 Number of atoms (n):        3972
 
 Input advice parameter ñ (must be >= n): 
 Input epsilon parameter Ɛ (0 < Ɛ < 1): 
 Rounding mode:
   DOWN: round down
   UP:   round up
 Enter choice:  
 Running debyeEst...
 timing:    603.580017     s
 
 Running propEst...
 timing:    11.2259998     s
 
 
raw analysis saved at: Analysis/2026-02-24_DEBUG/analysis_phgdh.csv 
 Finished analysis of phgdh
STOP 0
 ====================
 
 ====================
 Analyzing:    plastocyanin
 Number of atoms (n):         827
 
 Input advice parameter ñ (must be >= n): 
 Input epsilon parameter Ɛ (0 < Ɛ < 1): 
 Rounding mode:
   DOWN: round down
   UP:   round up
 Enter choice:  
 Running debyeEst...
 timing:    26.9790001     s
 
 Running propEst...
 timing:   0.515999973     s
 
 
raw analysis saved at: Analysis/2026-02-24_DEBUG/analysis_plastocyanin.csv 
 Finished analysis of plastocyanin
STOP 0
 ====================
 
 ====================
 Analyzing:    strip1_iso2
 Number of atoms (n):        6000
 
 Input advice parameter ñ (must be >= n): 
 Input epsilon parameter Ɛ (0 < Ɛ < 1): 
 Rounding mode:
   DOWN: round down
   UP:   round up
 Enter choice:  
 Running debyeEst...
 timing:    1357.48303     s
 
 Running propEst...
