/bin/bash: line 11: rinf: command not found
compiling: AtomXYZ/xyz_tmp/xyz_chignolin.f90
compiling: AtomXYZ/xyz_tmp/xyz_csgc.f90
compiling: AtomXYZ/xyz_tmp/xyz_gpx.f90
compiling: AtomXYZ/xyz_tmp/xyz_kdelr1.f90
compiling: AtomXYZ/xyz_tmp/xyz_phgdh.f90
compiling: AtomXYZ/xyz_tmp/xyz_plastocyanin.f90
compiling: AtomXYZ/xyz_tmp/xyz_strip1_iso2.f90
inc/stratEst.inc:78:35:

Error: Unexpected ‘%’ for nonderived-type variable ‘light’ at (1)
inc/stratEst.inc:145:0:

Error: Function result ‘stratest’ at (1) has no IMPLICIT type
inc/stratEst.inc:169:9:

Error: Symbol ‘qval’ at (1) has no IMPLICIT type
inc/stratEst.inc:192:63:

Error: Symbol ‘qvals’ at (1) has no IMPLICIT type
inc/stratEst.inc:82:13:

Error: Symbol ‘heavysamples’ at (1) has no IMPLICIT type; did you mean ‘samples’?
inc/stratEst.inc:86:9:

Error: Symbol ‘lightsamples’ at (1) has no IMPLICIT type; did you mean ‘samples’?
inc/stratEst.inc:82:40:

Error: Symbol ‘ratio’ at (1) has no IMPLICIT type
inc/stratEst.inc:192:63:

Error: Symbol ‘qvals’ at (1) has no IMPLICIT type
inc/stratEst.inc:90:18-40:

Error: Type of entity at (1) is type incompatible with source-expr at (2)
inc/stratEst.inc:94:20:

Error: COMPLEX quantities cannot be compared at (1)
inc/stratEst.inc:102:18-40:

Error: Type of entity at (1) is type incompatible with source-expr at (2)
inc/stratEst.inc:106:20:

Error: COMPLEX quantities cannot be compared at (1)
inc/stratEst.inc:117:25:

Error: Function ‘weights’ at (1) has no IMPLICIT type
inc/stratEst.inc:130:40:

Error: Cannot convert COMPLEX(8) to TYPE(atom) at (1)
make[1]: *** [BuildExe.mk:302: _build/release/obj/Est.o] Error 1
