/bin/bash: line 11: rinf: command not found
compiling: AtomXYZ/xyz_tmp/xyz_chignolin.f90
compiling: AtomXYZ/xyz_tmp/xyz_csgc.f90
compiling: AtomXYZ/xyz_tmp/xyz_gpx.f90
compiling: AtomXYZ/xyz_tmp/xyz_kdelr1.f90
compiling: AtomXYZ/xyz_tmp/xyz_phgdh.f90
compiling: AtomXYZ/xyz_tmp/xyz_plastocyanin.f90
compiling: AtomXYZ/xyz_tmp/xyz_strip1_iso2.f90
inc/stratEst.inc:30:76:

Error: Invalid character in name at (1)
inc/stratEst.inc:90:18:

Error: Allocate-object at (1) is neither a data pointer nor an allocatable variable
inc/stratEst.inc:102:18:

Error: Allocate-object at (1) is neither a data pointer nor an allocatable variable
inc/stratEst.inc:94:20:

Error: Function ‘heavyculmprobs’ at (1) has no IMPLICIT type
inc/stratEst.inc:106:20:

Error: Function ‘lightculmprobs’ at (1) has no IMPLICIT type
inc/stratEst.inc:117:25:

Error: Function ‘weights’ at (1) has no IMPLICIT type
inc/stratEst.inc:130:40:

Error: Cannot convert COMPLEX(8) to TYPE(atom) at (1)
inc/stratEst.inc:192:58:

Error: Rank mismatch in argument ‘q’ at (1) (rank-1 and scalar)
make[1]: *** [BuildExe.mk:302: _build/release/obj/Est.o] Error 1
