/bin/bash: line 11: rinf: command not found
compiling: AtomXYZ/xyz_tmp/xyz_chignolin.f90
compiling: AtomXYZ/xyz_tmp/xyz_csgc.f90
compiling: AtomXYZ/xyz_tmp/xyz_gpx.f90
compiling: AtomXYZ/xyz_tmp/xyz_kdelr1.f90
compiling: AtomXYZ/xyz_tmp/xyz_phgdh.f90
compiling: AtomXYZ/xyz_tmp/xyz_plastocyanin.f90
compiling: AtomXYZ/xyz_tmp/xyz_strip1_iso2.f90
inc/getters.inc:68:14:

Error: Allocate-object at (1) is neither a data pointer nor an allocatable variable
inc/getters.inc:78:36:

Error: Syntax error in argument list at (1)
inc/getters.inc:98:31:

Error: ‘getmean’ at (1) is not a member of the ‘frequencies’ structure
inc/getters.inc:100:14:

Error: Allocate-object at (1) is neither a data pointer nor an allocatable variable
inc/getters.inc:111:40:

Error: Syntax error in argument list at (1)
inc/getters.inc:166:14:

Error: Allocate-object at (1) is neither a data pointer nor an allocatable variable
inc/getters.inc:66:24:

Error: Symbol ‘weight’ at (1) has no IMPLICIT type; did you mean ‘weights’?
inc/getters.inc:66:24:

Error: Symbol ‘weight’ at (1) has no IMPLICIT type; did you mean ‘weights’?
inc/getters.inc:74:12:

Error: Function ‘wtmp’ at (1) has no IMPLICIT type
make[1]: *** [BuildExe.mk:291: _build/release/obj/Freq.o] Error 1
