/bin/bash: line 11: rinf: command not found
compiling: AtomXYZ/xyz_tmp/xyz_chignolin.f90
compiling: AtomXYZ/xyz_tmp/xyz_csgc.f90
compiling: AtomXYZ/xyz_tmp/xyz_gpx.f90
compiling: AtomXYZ/xyz_tmp/xyz_kdelr1.f90
compiling: AtomXYZ/xyz_tmp/xyz_phgdh.f90
compiling: AtomXYZ/xyz_tmp/xyz_plastocyanin.f90
compiling: AtomXYZ/xyz_tmp/xyz_strip1_iso2.f90
Freq/Freq.f90:16:5:

   16 |     type xs:: frequencies
      |     1
Error: Unclassifiable statement at (1)
Freq/Freq.f90:26:7:

   26 |     end type frequencies
      |       1
Error: Expecting END MODULE statement at (1)
Freq/Freq.f90:29:15:

   29 |     type :: cmf
      |               1
Error: Unexpected derived type declaration statement in CONTAINS section at (1)
Freq/Freq.f90:30:52:

   30 |         complex(c_double), allocatable :: weights(:)
      |                                                    1
Error: Unexpected data declaration statement in CONTAINS section at (1)
Freq/Freq.f90:31:51:

   31 |         real(c_double), allocatable :: culmProbs(:)
      |                                                   1
Error: Unexpected data declaration statement in CONTAINS section at (1)
Freq/Freq.f90:32:29:

   32 |         integer :: population
      |                             1
Error: Unexpected data declaration statement in CONTAINS section at (1)
Freq/Freq.f90:33:7:

   33 |     end type cmf
      |       1
Error: Expecting END MODULE statement at (1)
Freq/Freq.f90:35:12:

   35 |     contains
      |            1
Error: Unexpected CONTAINS statement in CONTAINS section at (1)
inc/initFreqs.inc:39:22:

Error: Derived type ‘frequencies’ at (1) is being used before it is defined
inc/initFreqs.inc:23:39:

Error: Function result ‘freqs’ at (1) has no IMPLICIT type
inc/initFreqs.inc:111:14:

Error: Allocate-object at (1) is neither a data pointer nor an allocatable variable
inc/initFreqs.inc:112:20:

Error: Symbol ‘freqs’ at (1) has no IMPLICIT type
inc/initFreqs.inc:113:11:

Error: Symbol ‘freqs’ at (1) has no IMPLICIT type
inc/initFreqs.inc:114:11:

Error: Symbol ‘freqs’ at (1) has no IMPLICIT type
inc/getters.inc:7:23:

Error: Derived type ‘frequencies’ at (1) is being used before it is defined
inc/getters.inc:13:24:

Error: Symbol ‘this’ at (1) has no IMPLICIT type
inc/getters.inc:14:20:

Error: Symbol ‘this’ at (1) has no IMPLICIT type
inc/getters.inc:15:20:

Error: Symbol ‘this’ at (1) has no IMPLICIT type
inc/getters.inc:17:7:

Error: Expecting END FUNCTION statement at (1)
inc/getters.inc:24:23:

Error: Derived type ‘frequencies’ at (1) is being used before it is defined
inc/getters.inc:28:24:

Error: Symbol ‘this’ at (1) has no IMPLICIT type
inc/getters.inc:29:20:

Error: Symbol ‘this’ at (1) has no IMPLICIT type
inc/getters.inc:30:24:

Error: Symbol ‘this’ at (1) has no IMPLICIT type
inc/getters.inc:31:7:

Error: Expecting END FUNCTION statement at (1)
inc/getters.inc:40:23:

Error: Derived type ‘frequencies’ at (1) is being used before it is defined
inc/getters.inc:45:20:

Error: Symbol ‘this’ at (1) has no IMPLICIT type
inc/getters.inc:46:33:

Error: Symbol ‘this’ at (1) has no IMPLICIT type
inc/getters.inc:47:7:

Error: Expecting END FUNCTION statement at (1)
inc/getters.inc:48:29:

Error: Symbol ‘this’ at (1) has no IMPLICIT type
inc/getters.inc:57:23:

Error: Derived type ‘frequencies’ at (1) is being used before it is defined
inc/getters.inc:58:23:

Error: Derived type ‘frequencies’ at (1) is being used before it is defined
inc/getters.inc:60:14:

Error: Derived type ‘cmf’ at (1) is being used before it is defined
inc/getters.inc:56:41:

Error: Function result ‘invcmf’ at (1) has no IMPLICIT type
inc/getters.inc:69:20:

Error: Symbol ‘this’ at (1) has no IMPLICIT type
inc/getters.inc:70:28:

Error: Symbol ‘this’ at (1) has no IMPLICIT type
inc/getters.inc:76:7:

Error: Expecting END FUNCTION statement at (1)
inc/getters.inc:77:14:

Error: Syntax error in ALLOCATE statement at (1)
inc/getters.inc:78:23:

Error: Allocate-object at (1) is not a nonprocedure pointer nor an allocatable variable
inc/getters.inc:79:23:

Error: Allocate-object at (1) is not a nonprocedure pointer nor an allocatable variable
inc/getters.inc:89:23:

Error: Derived type ‘frequencies’ at (1) is being used before it is defined
inc/getters.inc:91:14:

Error: Derived type ‘cmf’ at (1) is being used before it is defined
inc/getters.inc:98:24:

Error: Symbol ‘this’ at (1) has no IMPLICIT type
inc/getters.inc:88:41:

Error: Function result ‘invcmf’ at (1) has no IMPLICIT type
inc/getters.inc:100:20:

Error: Symbol ‘this’ at (1) has no IMPLICIT type
inc/getters.inc:101:28:

Error: Symbol ‘this’ at (1) has no IMPLICIT type
inc/getters.inc:107:7:

Error: Expecting END FUNCTION statement at (1)
inc/getters.inc:108:25:

Error: Syntax error in ALLOCATE statement at (1)
inc/getters.inc:109:23:

Error: Allocate-object at (1) is not a nonprocedure pointer nor an allocatable variable
inc/getters.inc:110:23:

Error: Allocate-object at (1) is not a nonprocedure pointer nor an allocatable variable
inc/getters.inc:114:33:

Error: Invalid character in name at (1)
inc/getters.inc:115:14:

Error: Derived type ‘cmf’ at (1) is being used before it is defined
inc/getters.inc:116:53:

Error: Unexpected data declaration statement in CONTAINS section at (1)
inc/getters.inc:117:42:

Error: Unexpected data declaration statement in CONTAINS section at (1)
inc/getters.inc:118:60:

Error: Unexpected data declaration statement in CONTAINS section at (1)
inc/getters.inc:119:54:

Error: Unexpected data declaration statement in CONTAINS section at (1)
inc/getters.inc:120:64:

Error: Unexpected data declaration statement in CONTAINS section at (1)
inc/getters.inc:121:29:

Error: Unexpected data declaration statement in CONTAINS section at (1)
inc/getters.inc:122:45:

Error: Unexpected data declaration statement in CONTAINS section at (1)
inc/getters.inc:123:18:

Error: Unexpected data declaration statement in CONTAINS section at (1)
inc/getters.inc:124:61:

Error: Unexpected data declaration statement in CONTAINS section at (1)
inc/getters.inc:127:14:

Error: Allocate-object at (1) is neither a data pointer nor an allocatable variable
inc/getters.inc:128:14:

Error: Allocate-object at (1) is neither a data pointer nor an allocatable variable
inc/getters.inc:129:14:

Error: Allocate-object at (1) is neither a data pointer nor an allocatable variable
inc/getters.inc:130:14:

Error: Allocate-object at (1) is neither a data pointer nor an allocatable variable
inc/getters.inc:131:27:

Error: Unexpected assignment statement in CONTAINS section at (1)
inc/getters.inc:132:32:

Error: Unexpected DO statement in CONTAINS section at (1)
inc/getters.inc:133:66:

Error: Unexpected assignment statement in CONTAINS section at (1)
inc/getters.inc:134:7:

Error: Expecting END MODULE statement at (1)
inc/getters.inc:135:32:

Error: Unexpected DO statement in CONTAINS section at (1)
inc/getters.inc:136:65:

Error: Unexpected assignment statement in CONTAINS section at (1)
inc/getters.inc:137:7:

Error: Expecting END MODULE statement at (1)
inc/getters.inc:141:27:

Error: Unexpected DO statement in CONTAINS section at (1)
inc/getters.inc:142:31:

Error: Unexpected DO statement in CONTAINS section at (1)
inc/getters.inc:143:70:

Error: Unexpected block IF statement in CONTAINS section at (1)
inc/getters.inc:144:33:

Error: Unexpected assignment statement in CONTAINS section at (1)
inc/getters.inc:145:41:

Error: Unexpected assignment statement in CONTAINS section at (1)
inc/getters.inc:146:35:

Error: Unexpected assignment statement in CONTAINS section at (1)
inc/getters.inc:147:31:

Error: Unexpected assignment statement in CONTAINS section at (1)
inc/getters.inc:148:37:

Error: Unexpected assignment statement in CONTAINS section at (1)
inc/getters.inc:149:33:

Error: Unexpected assignment statement in CONTAINS section at (1)
inc/getters.inc:150:15:

Error: Expecting END MODULE statement at (1)
inc/getters.inc:151:11:

Error: Expecting END MODULE statement at (1)
inc/getters.inc:152:7:

Error: Expecting END MODULE statement at (1)
inc/getters.inc:157:27:

Error: Unexpected assignment statement in CONTAINS section at (1)
inc/getters.inc:158:27:

Error: Unexpected DO statement in CONTAINS section at (1)
inc/getters.inc:159:48:

Error: Unexpected assignment statement in CONTAINS section at (1)
inc/getters.inc:160:7:

Error: Expecting END MODULE statement at (1)
inc/getters.inc:161:45:

Error: Unexpected assignment statement in CONTAINS section at (1)
inc/getters.inc:163:14:

Error: Syntax error in ALLOCATE statement at (1)
inc/getters.inc:164:14:

Error: Syntax error in ALLOCATE statement at (1)
inc/getters.inc:165:14:

Error: Syntax error in ALLOCATE statement at (1)
inc/getters.inc:166:6:

Error: Invalid character in name at (1)
inc/getters.inc:168:3:

Error: Expecting END MODULE statement at (1)
inc/getters.inc:23:19:

Error: Symbol ‘this’ at (1) has no IMPLICIT type
inc/getters.inc:88:19:

Error: Symbol ‘this’ at (1) has no IMPLICIT type; did you mean ‘cmpthis’?
inc/getters.inc:56:19:

Error: Symbol ‘this’ at (1) has no IMPLICIT type
inc/getters.inc:39:18:

Error: Symbol ‘this’ at (1) has no IMPLICIT type
inc/getters.inc:5:21:

Error: Symbol ‘this’ at (1) has no IMPLICIT type
inc/getters.inc:67:24:

Error: Symbol ‘weight’ at (1) has no IMPLICIT type; did you mean ‘weights’?
inc/getters.inc:67:24:

Error: Symbol ‘weight’ at (1) has no IMPLICIT type; did you mean ‘weights’?
make[1]: *** [BuildExe.mk:291: _build/release/obj/Freq.o] Error 1
